<?xml version="1.0" encoding="UTF-8"?>
<!-- Generated by org.testng.reporters.JUnitReportReporter -->
<testsuite hostname="DESKTOP-ML7TOGO" failures="0" tests="6" name="TestRunner.CucumberTestRunner" time="155.283" errors="2" timestamp="2024-04-13T17:16:10 IST" skipped="0">
  <testcase classname="TestRunner.CucumberTestRunner" name="runScenario" time="5.835"/>
  <testcase classname="TestRunner.CucumberTestRunner" name="runScenario" time="20.195"/>
  <testcase classname="TestRunner.CucumberTestRunner" name="runScenario" time="9.286">
    <error message="Index 1 out of bounds for length 1" type="java.lang.IndexOutOfBoundsException">
      <![CDATA[java.lang.IndexOutOfBoundsException: Index 1 out of bounds for length 1
at java.base/jdk.internal.util.Preconditions.outOfBounds(Preconditions.java:64)
at java.base/jdk.internal.util.Preconditions.outOfBoundsCheckIndex(Preconditions.java:70)
at java.base/jdk.internal.util.Preconditions.checkIndex(Preconditions.java:248)
at java.base/java.util.Objects.checkIndex(Objects.java:372)
at java.base/java.util.ArrayList.get(ArrayList.java:459)
at java.base/jdk.internal.reflect.NativeMethodAccessorImpl.invoke0(Native Method)
at java.base/jdk.internal.reflect.NativeMethodAccessorImpl.invoke(NativeMethodAccessorImpl.java:62)
at java.base/jdk.internal.reflect.DelegatingMethodAccessorImpl.invoke(DelegatingMethodAccessorImpl.java:43)
at java.base/java.lang.reflect.Method.invoke(Method.java:566)
at org.openqa.selenium.support.pagefactory.internal.LocatingElementListHandler.invoke(LocatingElementListHandler.java:39)
at com.sun.proxy.$Proxy26.get(Unknown Source)
at Pages.CartPage.removeAllItems(CartPage.java:94)
at StepDefinations.MyntraStepDefination.user_removes_the_items_from_the_cart(MyntraStepDefination.java:195)
at ✽.User removes the items from the cart(file:///D:/ESoft_Solutions/AutomationPractice/BDD_Framework/src/test/resources/Feature/search_shirts.feature:34)
]]>
    </error>
  </testcase> <!-- runScenario -->
  <testcase classname="TestRunner.CucumberTestRunner" name="runScenario" time="47.549"/>
  <testcase classname="TestRunner.CucumberTestRunner" name="runScenario" time="30.505">
    <error message="bound must be positive" type="java.lang.IllegalArgumentException">
      <![CDATA[java.lang.IllegalArgumentException: bound must be positive
at java.base/java.util.Random.nextInt(Random.java:388)
at Pages.SearchResultPage.clickOnAnyItem(SearchResultPage.java:86)
at StepDefinations.MyntraStepDefination.i_Select_Another_Product_From_List(MyntraStepDefination.java:188)
at ✽.I select another product with any index from the list(file:///D:/ESoft_Solutions/AutomationPractice/BDD_Framework/src/test/resources/Feature/search_shirts.feature:26)
]]>
    </error>
  </testcase> <!-- runScenario -->
  <testcase classname="TestRunner.CucumberTestRunner" name="runScenario" time="41.913"/>
</testsuite> <!-- TestRunner.CucumberTestRunner -->
